<?xml version="1.0" encoding="UTF-8"?>
<!-- Generated by org.testng.reporters.JUnitXMLReporter -->
<testsuite hostname="DESKTOP-MUMETVV" ignored="0" name="Default test" tests="5" failures="0" timestamp="2020-10-01T00:14:20 IST" time="143.247" errors="0">
  <testcase name="validateCreateNewContact" time="11.053" classname="com.crm.qa.testcases.ContactsPageTest"/>
  <testcase name="validateCreateNewContact" time="9.351" classname="com.crm.qa.testcases.ContactsPageTest"/>
  <testcase name="validateCreateNewContact" time="9.499" classname="com.crm.qa.testcases.ContactsPageTest"/>
  <testcase name="validateCreateNewContact" time="9.752" classname="com.crm.qa.testcases.ContactsPageTest"/>
  <testcase name="clickContactcheckbox" time="10.092" classname="com.crm.qa.testcases.ContactsPageTest"/>
</testsuite> <!-- Default test -->
