<?xml version="1.0" encoding="UTF-8"?>
<!-- Generated by org.testng.reporters.JUnitXMLReporter -->
<testsuite hostname="DESKTOP-MUMETVV" ignored="0" name="allpagetest" tests="7" failures="0" timestamp="2020-09-30T00:02:42 IST" time="129.595" errors="0">
  <testcase name="clickContactcheckbox" time="10.25" classname="com.crm.qa.testcases.ContactsPageTest"/>
  <testcase name="verifyContactLink" time="4.426" classname="com.crm.qa.testcases.HomePageTest"/>
  <testcase name="verifyHomePageTitle" time="0.017" classname="com.crm.qa.testcases.HomePageTest"/>
  <testcase name="verifyuser" time="0.165" classname="com.crm.qa.testcases.HomePageTest"/>
  <testcase name="loginPageTitleTest" time="0.015" classname="com.crm.qa.testcases.LoginPageTest"/>
  <testcase name="crmLogoTest" time="0.086" classname="com.crm.qa.testcases.LoginPageTest"/>
  <testcase name="loginTest" time="7.304" classname="com.crm.qa.testcases.LoginPageTest"/>
</testsuite> <!-- allpagetest -->
